2018/12/29 15:26:59 [error] 3219#3219: *1 connect() failed (111: Connection refused) while connecting to upstream, client: 127.0.0.1, server: drive.local, request: "GET / HTTP/1.1", upstream: "fastcgi://127.0.0.1:9000", host: "drive.local"
2018/12/29 16:18:55 [error] 3526#3526: *54 FastCGI sent in stderr: "PHP message: An Error occurred while handling another error:
yii\base\InvalidConfigException: Unknown component ID: request in /var/www/drive/vendor/yiisoft/yii2/di/ServiceLocator.php:139
Stack trace:
#0 /var/www/drive/vendor/yiisoft/yii2/base/Module.php(742): yii\di\ServiceLocator->get('request', true)
#1 /var/www/drive/vendor/yiisoft/yii2/web/Application.php(160): yii\base\Module->get('request')
#2 /var/www/drive/vendor/yiisoft/yii2/base/Component.php(139): yii\web\Application->getRequest()
#3 /var/www/drive/vendor/yiisoft/yii2/di/ServiceLocator.php(77): yii\base\Component->__get('request')
#4 /var/www/drive/vendor/yiisoft/yii2/web/ErrorHandler.php(499): yii\di\ServiceLocator->__get('request')
#5 /var/www/drive/vendor/yiisoft/yii2/web/ErrorHandler.php(115): yii\web\ErrorHandler->shouldRenderSimpleHtml()
#6 /var/www/drive/vendor/yiisoft/yii2/base/ErrorHandler.php(111): yii\web\ErrorHandler->renderException(Object(yii\base\InvalidConfigException))
#7 [internal function]: yii\base\ErrorHandler->handleExcep" while reading upstream, client: ::1, server: , request: "GET /saed HTTP/1.1", upstream: "fastcgi://unix:/var/run/php/php7.1-fpm.sock:", host: "localhost"
2018/12/29 16:38:09 [error] 3526#3526: *95 FastCGI sent in stderr: "PHP message: PHP Fatal error:  Cannot use isset() on the result of an expression (you can use "null !== expression" instead) in /var/www/drive/frontend/controllers/SiteController.php on line 231" while reading response header from upstream, client: ::1, server: , request: "GET /driveurl HTTP/1.1", upstream: "fastcgi://unix:/var/run/php/php7.1-fpm.sock:", host: "localhost"
2018/12/29 16:39:12 [error] 3526#3526: *95 FastCGI sent in stderr: "PHP message: PHP Fatal error:  Cannot use isset() on the result of an expression (you can use "null !== expression" instead) in /var/www/drive/frontend/controllers/SiteController.php on line 242" while reading response header from upstream, client: ::1, server: , request: "GET /driveurl HTTP/1.1", upstream: "fastcgi://unix:/var/run/php/php7.1-fpm.sock:", host: "localhost"
2018/12/29 16:39:28 [error] 3526#3526: *95 FastCGI sent in stderr: "PHP message: PHP Fatal error:  Cannot use isset() on the result of an expression (you can use "null !== expression" instead) in /var/www/drive/frontend/controllers/SiteController.php on line 242" while reading response header from upstream, client: ::1, server: , request: "GET /driveurl HTTP/1.1", upstream: "fastcgi://unix:/var/run/php/php7.1-fpm.sock:", host: "localhost"
2018/12/29 16:39:32 [error] 3526#3526: *95 FastCGI sent in stderr: "PHP message: PHP Fatal error:  Cannot use isset() on the result of an expression (you can use "null !== expression" instead) in /var/www/drive/frontend/controllers/SiteController.php on line 242" while reading response header from upstream, client: ::1, server: , request: "GET /driveurl HTTP/1.1", upstream: "fastcgi://unix:/var/run/php/php7.1-fpm.sock:", host: "localhost"
2018/12/29 16:39:43 [error] 3526#3526: *95 FastCGI sent in stderr: "PHP message: PHP Fatal error:  Cannot use isset() on the result of an expression (you can use "null !== expression" instead) in /var/www/drive/frontend/controllers/SiteController.php on line 242" while reading response header from upstream, client: ::1, server: , request: "GET /driveurl HTTP/1.1", upstream: "fastcgi://unix:/var/run/php/php7.1-fpm.sock:", host: "localhost"
2018/12/29 16:40:19 [error] 3526#3526: *95 FastCGI sent in stderr: "PHP message: PHP Fatal error:  Cannot use isset() on the result of an expression (you can use "null !== expression" instead) in /var/www/drive/frontend/controllers/SiteController.php on line 242" while reading response header from upstream, client: ::1, server: , request: "GET /driveurl HTTP/1.1", upstream: "fastcgi://unix:/var/run/php/php7.1-fpm.sock:", host: "localhost"
2018/12/29 16:40:20 [error] 3526#3526: *95 FastCGI sent in stderr: "PHP message: PHP Fatal error:  Cannot use isset() on the result of an expression (you can use "null !== expression" instead) in /var/www/drive/frontend/controllers/SiteController.php on line 242" while reading response header from upstream, client: ::1, server: , request: "GET /driveurl HTTP/1.1", upstream: "fastcgi://unix:/var/run/php/php7.1-fpm.sock:", host: "localhost"
2018/12/29 16:40:27 [error] 3526#3526: *95 FastCGI sent in stderr: "PHP message: PHP Fatal error:  Cannot use isset() on the result of an expression (you can use "null !== expression" instead) in /var/www/drive/frontend/controllers/SiteController.php on line 242" while reading response header from upstream, client: ::1, server: , request: "GET / HTTP/1.1", upstream: "fastcgi://unix:/var/run/php/php7.1-fpm.sock:", host: "localhost"
2018/12/29 18:25:32 [error] 3526#3526: *314 connect() failed (111: Connection refused) while connecting to upstream, client: 127.0.0.1, server: drive.local, request: "GET / HTTP/1.1", upstream: "fastcgi://127.0.0.1:9000", host: "drive.local"
